<?xml version="1.0" encoding="UTF-8"?>
<!-- Generated by org.testng.reporters.JUnitReportReporter -->
<testsuite hostname="DESKTOP-20BIKE2" failures="0" tests="1" name="ai.ds.apps.testBase.TestBase" time="15.713" errors="0" timestamp="2022-12-31T14:13:44 IST" skipped="0">
  <testcase classname="ai.ds.apps.testBase.TestBase" name="setup" time="15.713"/>
  <system-out/>
</testsuite> <!-- ai.ds.apps.testBase.TestBase -->
