<?xml version="1.0" encoding="UTF-8"?>
<!-- Generated by org.testng.reporters.JUnitReportReporter -->
<testsuite hostname="DESKTOP-20BIKE2" failures="0" tests="1" name="ai.ds.apps.testLayer.IntradayCustomTest" time="26.429" errors="0" timestamp="2023-01-04T15:41:10 IST" skipped="0">
  <testcase classname="ai.ds.apps.testLayer.IntradayCustomTest" name="verifyIntradayCustom" time="26.429"/>
  <system-out/>
</testsuite> <!-- ai.ds.apps.testLayer.IntradayCustomTest -->
