<?xml version="1.0" encoding="UTF-8"?>
<!-- Generated by org.testng.reporters.JUnitReportReporter -->
<testsuite hostname="LAPTOP-GOS6NKMF" failures="0" tests="1" name="ai.ds.apps.testLayer.SampleTest" time="0.015" errors="0" timestamp="2023-01-06T18:39:25 IST" skipped="0">
  <testcase classname="ai.ds.apps.testLayer.SampleTest" name="Sample" time="0.015"/>
  <system-out/>
</testsuite> <!-- ai.ds.apps.testLayer.SampleTest -->
